Tue Sep 04 14:38:29 CAT 2012 : Invalid host:	www.google.casdaom
Tue Sep 04 14:38:35 CAT 2012 : Invalid host:	www.google.casdaom
Tue Sep 04 14:38:36 CAT 2012 : Invalid host:	www.google.casdaom
Tue Sep 04 14:38:38 CAT 2012 : Invalid host:	www.google.casdaom
Tue Sep 04 14:38:39 CAT 2012 : Invalid host:	www.google.casdaom
Tue Sep 04 14:38:39 CAT 2012 : Invalid host:	www.google.casdaom
Tue Sep 04 14:40:15 CAT 2012 : Invalid host:	www.google.casdaom
Tue Sep 04 14:40:36 CAT 2012 : Invalid host:	www.google.casdaom
Tue Sep 04 14:40:37 CAT 2012 : Invalid host:	www.google.casdaom
Tue Sep 04 14:40:39 CAT 2012 : Invalid host:	www.google.casdaom
Tue Sep 04 14:41:50 CAT 2012 : Invalid host:	www.google.casdaom
Tue Sep 04 15:36:11 CAT 2012 : Unable to locate host:blah.blah
Wed Sep 12 17:27:58 CAT 2012 : TASK [Launch new window. Type=Main] failed.
Wed Sep 12 17:28:18 CAT 2012 : TASK [Launch new window. Type=Main] failed.
Wed Sep 12 17:28:19 CAT 2012 : TASK [Launch new window. Type=Main] failed.
Wed Sep 12 17:28:43 CAT 2012 : TASK [Launch new window. Type=Main] failed.
Wed Sep 12 17:28:48 CAT 2012 : TASK [Launch new window. Type=Main] failed.
Wed Sep 12 17:28:59 CAT 2012 : TASK [Launch new window. Type=Main] failed.
Thu Sep 13 14:32:20 CAT 2012 : Invalid parameter id: debug
Thu Sep 13 14:46:55 CAT 2012 : Unrecognised option : hvalue
Thu Sep 13 14:46:55 CAT 2012 : Missing value for mode option.
Thu Sep 13 14:46:55 CAT 2012 : Invalid option: -x
Thu Sep 13 14:48:38 CAT 2012 : Unrecognised option : hvalue
Thu Sep 13 14:48:38 CAT 2012 : Missing value for mode option.
Thu Sep 13 14:48:38 CAT 2012 : Invalid option: -x
Thu Sep 13 14:49:14 CAT 2012 : Unrecognised option : hvalue
Thu Sep 13 14:49:14 CAT 2012 : Missing value for mode option.
Thu Sep 13 14:49:14 CAT 2012 : Invalid option: -x
Thu Sep 13 14:55:05 CAT 2012 : Unrecognised option : hvalue
Thu Sep 13 14:55:05 CAT 2012 : Missing value for mode option.
Thu Sep 13 14:55:05 CAT 2012 : Invalid option: -x
Thu Sep 13 14:56:53 CAT 2012 : Invalid option: -x
Thu Sep 13 14:56:53 CAT 2012 : Unrecognised option : hvalue
Thu Sep 13 14:56:53 CAT 2012 : Missing value for mode option.
Thu Sep 13 14:57:23 CAT 2012 : Missing value for mode option.
Thu Sep 13 14:57:23 CAT 2012 : Unrecognised option : hvalue
Thu Sep 13 14:57:40 CAT 2012 : Invalid option: -x
Thu Sep 13 14:57:40 CAT 2012 : Unrecognised option : hvalue
Thu Sep 13 14:57:40 CAT 2012 : Missing value for mode option.
Thu Sep 13 14:58:03 CAT 2012 : Invalid option: -x
Thu Sep 13 14:58:17 CAT 2012 : Invalid option: -x
Thu Sep 13 14:58:22 CAT 2012 : Invalid option: -x
Thu Sep 13 14:58:37 CAT 2012 : Unrecognised option : hvalue
Thu Sep 13 14:58:37 CAT 2012 : Missing value for mode option.
Thu Sep 13 14:58:37 CAT 2012 : Invalid option: -x
Thu Sep 13 15:03:05 CAT 2012 : Unrecognised option : hvalue
Thu Sep 13 15:03:05 CAT 2012 : Missing value for mode option.
Thu Sep 13 15:03:05 CAT 2012 : Invalid option: -x
Thu Sep 13 15:03:07 CAT 2012 : Invalid option: -x
Thu Sep 13 15:03:07 CAT 2012 : Unrecognised option : hvalue
Thu Sep 13 15:03:07 CAT 2012 : Missing value for mode option.
Thu Sep 13 15:03:08 CAT 2012 : Unrecognised option : hvalue
Thu Sep 13 15:03:08 CAT 2012 : Missing value for mode option.
Thu Sep 13 15:03:08 CAT 2012 : Invalid option: -x
Thu Sep 13 15:03:18 CAT 2012 : Invalid option: -x
Thu Sep 13 15:03:18 CAT 2012 : Unrecognised option : hvalue
Thu Sep 13 15:03:18 CAT 2012 : Missing value for mode option.
Thu Sep 13 15:27:15 CAT 2012 : Invalid option: -x
Thu Sep 13 15:27:15 CAT 2012 : Unrecognised option : hvalue
Thu Sep 13 15:27:15 CAT 2012 : Missing value for mode option.
Thu Sep 13 16:19:35 CAT 2012 : Missing value for mode option.
Thu Sep 13 16:19:35 CAT 2012 : Unrecognised option : hvalue
Thu Sep 13 16:19:35 CAT 2012 : Invalid option: -x
Sat Sep 15 15:23:53 CAT 2012 : Thread Thread[pool-1-thread-1,5,main] failed to sleep for 10000 milliseconds because of an interruption.
Sat Sep 15 15:24:35 CAT 2012 : Thread Thread[pool-1-thread-1,5,main] failed to sleep for 10000 milliseconds because of an interruption.
Sat Sep 15 15:25:03 CAT 2012 : Thread Thread[pool-1-thread-1,5,main] failed to sleep for 5000 milliseconds because of an interruption.
Sat Sep 15 15:26:47 CAT 2012 : Thread Thread[pool-1-thread-1,5,main] failed to sleep for 5000 milliseconds because of an interruption.
Sat Sep 15 15:27:00 CAT 2012 : Thread Thread[pool-1-thread-1,5,main] failed to sleep for 5000 milliseconds because of an interruption.
Sat Sep 15 15:27:14 CAT 2012 : Thread Thread[pool-1-thread-1,5,main] failed to sleep for 5000 milliseconds because of an interruption.
Sat Sep 15 15:34:20 CAT 2012 : Thread Thread[pool-1-thread-1,5,main] failed to sleep for 5000 milliseconds because of an interruption.
Sat Sep 15 15:34:33 CAT 2012 : Thread Thread[pool-1-thread-1,5,main] failed to sleep for 5000 milliseconds because of an interruption.
Sat Sep 15 15:41:38 CAT 2012 : Thread Thread[pool-1-thread-1,5,main] failed to sleep for 5000 milliseconds because of an interruption.
Sat Sep 15 17:18:16 CAT 2012 : Thread Thread[pool-1-thread-1,5,main] failed to sleep for 5000 milliseconds because of an interruption.
Sun Sep 16 00:36:14 CAT 2012 : Error loading properties file
Sun Sep 16 04:30:23 CAT 2012 : Unrecognised option : java
Sun Sep 16 04:30:23 CAT 2012 : Unrecognised option : -splash:res\images\splash.png
Sun Sep 16 04:30:23 CAT 2012 : Unrecognised option : Main.java
Sun Sep 16 04:32:11 CAT 2012 : Unrecognised option : java
Sun Sep 16 04:32:11 CAT 2012 : Unrecognised option : -splash:res/images/splash.png
Sun Sep 16 04:32:11 CAT 2012 : Unrecognised option : Main.java
